<?xml version="1.0" encoding="UTF-8"?>
<!-- Generated by org.testng.reporters.JUnitReportReporter -->
<testsuite hostname="ICEN632" failures="0" tests="1" name="rsa.tests.ErrorValidations" time="4.745" errors="0" timestamp="2024-03-26T14:40:17 IST" skipped="0">
  <testcase classname="rsa.tests.ErrorValidations" name="incorrectLoginCredentials" time="4.745"/>
  <system-out/>
</testsuite> <!-- rsa.tests.ErrorValidations -->
