<?xml version="1.0" encoding="UTF-8"?>
<!-- Generated by org.testng.reporters.JUnitReportReporter -->
<testsuite hostname="ICEN632" failures="0" tests="4" name="rsa.tests.SubmitOrderTest" time="21.215" errors="0" timestamp="2024-03-29T17:48:55 IST" skipped="0">
  <testcase classname="rsa.tests.SubmitOrderTest" name="submitOrder" time="6.270"/>
  <system-out/>
  <testcase classname="rsa.tests.SubmitOrderTest" name="orderHistoryTest" time="3.221"/>
  <system-out/>
  <testcase classname="rsa.tests.SubmitOrderTest" name="submitOrder" time="6.885"/>
  <system-out/>
  <testcase classname="rsa.tests.SubmitOrderTest" name="orderHistoryTest" time="4.839"/>
  <system-out/>
</testsuite> <!-- rsa.tests.SubmitOrderTest -->
