<?xml version="1.0" encoding="UTF-8"?>
<!-- Generated by org.testng.reporters.JUnitReportReporter -->
<testsuite hostname="ICEN632" failures="0" tests="4" name="rsa.tests.SubmitOrderTest" time="24.313" errors="0" timestamp="2024-04-01T12:55:46 IST" skipped="0">
  <testcase classname="rsa.tests.SubmitOrderTest" name="submitOrder" time="8.523"/>
  <testcase classname="rsa.tests.SubmitOrderTest" name="orderHistoryTest" time="4.061"/>
  <testcase classname="rsa.tests.SubmitOrderTest" name="orderHistoryTest" time="4.101"/>
  <testcase classname="rsa.tests.SubmitOrderTest" name="submitOrder" time="7.628"/>
</testsuite> <!-- rsa.tests.SubmitOrderTest -->
