<?xml version="1.0" encoding="UTF-8"?>
<!-- Generated by org.testng.reporters.JUnitReportReporter -->
<testsuite hostname="ICEN632" failures="0" tests="1" name="cucumber.TestNGTestRunner" time="6.095" errors="0" timestamp="2024-04-03T15:36:53 IST" skipped="0">
  <testcase classname="cucumber.TestNGTestRunner" name="runScenario" time="6.095"/>
</testsuite> <!-- cucumber.TestNGTestRunner -->
