<?xml version="1.0" encoding="UTF-8"?>
<!-- Generated by org.testng.reporters.JUnitReportReporter -->
<testsuite hostname="ICEN632" failures="0" tests="2" name="rsa.tests.ErrorValidationsTest" time="12.841" errors="0" timestamp="2024-04-01T12:55:46 IST" skipped="0">
  <testcase classname="rsa.tests.ErrorValidationsTest" name="incorrectLoginCredentials" time="6.248"/>
  <testcase classname="rsa.tests.ErrorValidationsTest" name="productValidationTest" time="6.593"/>
</testsuite> <!-- rsa.tests.ErrorValidationsTest -->
